> Task :cleanGenerateJte
> Task :cleanPrecompileJte UP-TO-DATE
> Task :clean
> Task :generateJte

> Task :compileJava
Note: Some input files use unchecked or unsafe operations.
Note: Recompile with -Xlint:unchecked for details.

> Task :processResources
> Task :classes
> Task :compileTestJava
> Task :precompileJte SKIPPED
> Task :processTestResources NO-SOURCE
> Task :testClasses
OpenJDK 64-Bit Server VM warning: Sharing is only supported for boot loader classes because bootstrap classpath has been appended

> Task :test

PageIndexPolicyServiceTest > testWorkLevelIndexability() FAILED
    org.opentest4j.AssertionFailedError at PageIndexPolicyServiceTest.java:55

PageIndexPolicyServiceTest > testMedTierCityWithDataBlockIsIndexable() FAILED
    org.opentest4j.AssertionFailedError at PageIndexPolicyServiceTest.java:39

PageIndexPolicyServiceTest > testHighTierCityIsIndexable() FAILED
    org.opentest4j.AssertionFailedError at PageIndexPolicyServiceTest.java:31

9 tests completed, 3 failed

> Task :test FAILED

[Incubating] Problems report is available at: file:///C:/Development/Owner/GigWageTruth/build/reports/problems/problems-report.html

FAILURE: Build failed with an exception.

* What went wrong:
Execution failed for task ':test'.
> There were failing tests. See the report at: file:///C:/Development/Owner/GigWageTruth/build/reports/tests/test/index.html

* Try:
> Run with --scan to generate a Build Scan (powered by Develocity).

BUILD FAILED in 19s
8 actionable tasks: 7 executed, 1 up-to-date
